<?xml version="1.0" encoding="UTF-8"?>
<!-- Generated by org.testng.reporters.JUnitReportReporter -->
<testsuite hostname="EGIDEV057" failures="0" tests="1" name="SeleniumJava.tests.ErrorValidationsTest" time="19.404" errors="0" timestamp="2022-11-21T11:56:49 IST" skipped="0">
  <testcase classname="SeleniumJava.tests.ErrorValidationsTest" name="loginErrorValidation" time="19.404"/>
  <system-out/>
</testsuite> <!-- SeleniumJava.tests.ErrorValidationsTest -->
