<?xml version="1.0" encoding="UTF-8"?>
<!-- Generated by org.testng.reporters.JUnitReportReporter -->
<testsuite hostname="EGIDEV057" failures="0" tests="3" name="SeleniumJava.tests.SubmitOrderTest" time="99.580" errors="0" timestamp="2022-11-21T11:18:25 IST" skipped="0">
  <testcase classname="SeleniumJava.tests.SubmitOrderTest" name="OrderHistoryTest" time="19.972"/>
  <system-out/>
  <testcase classname="SeleniumJava.tests.SubmitOrderTest" name="submitOrder" time="41.261"/>
  <system-out/>
  <testcase classname="SeleniumJava.tests.SubmitOrderTest" name="submitOrder" time="38.347"/>
  <system-out/>
</testsuite> <!-- SeleniumJava.tests.SubmitOrderTest -->
