<?xml version="1.0" encoding="UTF-8"?>
<!-- Generated by org.testng.reporters.JUnitReportReporter -->
<testsuite hostname="EGIDEV057" failures="0" tests="1" name="cucumber.TestNGTestRunner" time="24.319" errors="0" timestamp="2022-11-22T17:40:46 IST" skipped="0">
  <testcase classname="cucumber.TestNGTestRunner" name="runScenario" time="24.319"/>
  <system-out/>
</testsuite> <!-- cucumber.TestNGTestRunner -->
