<?xml version="1.0" encoding="UTF-8"?>
<!-- Generated by org.testng.reporters.JUnitReportReporter -->
<testsuite hostname="EGIDEV057" failures="0" tests="1" name="SeleniumJava.tests.ErrorValidation" time="21.842" errors="0" timestamp="2022-11-14T11:10:04 IST" skipped="0">
  <testcase classname="SeleniumJava.tests.ErrorValidation" name="submitOrder" time="21.842"/>
  <system-out/>
</testsuite> <!-- SeleniumJava.tests.ErrorValidation -->
